<?xml version="1.0" encoding="UTF-8"?>
<!-- Generated by org.testng.reporters.JUnitReportReporter -->
<testsuite hostname="aurora.local" name="cdn.shared.message.types.TestRouterInfo" tests="2" failures="0" timestamp="5 Feb 2012 06:01:01 GMT" time="0.003" errors="0">
  <testcase name="testDeserialization" time="0.002" classname="cdn.shared.message.types.TestRouterInfo"/>
  <testcase name="testSerialization" time="0.001" classname="cdn.shared.message.types.TestRouterInfo"/>
</testsuite>
