<?xml version="1.0" encoding="UTF-8"?>
<!-- Generated by org.testng.reporters.JUnitReportReporter -->
<testsuite hostname="aurora.local" name="cdn.shared.message.TestMessageSendReceive" tests="1" failures="0" timestamp="11 Feb 2012 22:56:15 GMT" time="1.076" errors="0">
  <testcase name="testSendMessage" time="1.076" classname="cdn.shared.message.TestMessageSendReceive"/>
</testsuite>
