<?xml version="1.0" encoding="UTF-8"?>
<!-- Generated by org.testng.reporters.JUnitReportReporter -->
<testsuite hostname="aurora.local" name="cdn.shared.message.types.TestLinkWeightsUpdateMessage" tests="2" failures="0" timestamp="5 Feb 2012 06:01:01 GMT" time="0.028" errors="0">
  <testcase name="testSerialize" time="0.001" classname="cdn.shared.message.types.TestLinkWeightsUpdateMessage"/>
  <testcase name="testDeserialize" time="0.027" classname="cdn.shared.message.types.TestLinkWeightsUpdateMessage"/>
</testsuite>
