<?xml version="1.0" encoding="UTF-8"?>
<!-- Generated by org.testng.reporters.JUnitReportReporter -->
<testsuite hostname="aurora.local" name="cdn.shared.message.TestCdnManager" tests="2" failures="0" timestamp="12 Feb 2012 07:22:16 GMT" time="0.049" errors="0">
  <testcase name="testPeerRouterSending" time="0.001" classname="cdn.shared.message.TestCdnManager"/>
  <testcase name="testCdnCreation" time="0.048" classname="cdn.shared.message.TestCdnManager"/>
</testsuite>
