<?xml version="1.0" encoding="UTF-8"?>
<!-- Generated by org.testng.reporters.JUnitReportReporter -->
<testsuite hostname="aurora.local" name="cdn.router.TestMST" tests="1" failures="0" timestamp="14 Feb 2012 02:16:37 GMT" time="0.109" errors="0">
  <testcase name="testRoutePlanWithoutBranch" time="0.109" classname="cdn.router.TestMST"/>
</testsuite>
